Flow report for InterpretadorScancode
Thu Jul 28 23:01:23 2016
Quartus II 64-Bit Version 13.0.1 Build 232 06/12/2013 Service Pack 1 SJ Web Edition


---------------------
; Table of Contents ;
---------------------
  1. Legal Notice
  2. Flow Summary
  3. Flow Settings
  4. Flow Non-Default Global Settings
  5. Flow Elapsed Time
  6. Flow OS Summary
  7. Flow Log
  8. Flow Messages
  9. Flow Suppressed Messages



----------------
; Legal Notice ;
----------------
Copyright (C) 1991-2013 Altera Corporation
Your use of Altera Corporation's design tools, logic functions 
and other software and tools, and its AMPP partner logic 
functions, and any output files from any of the foregoing 
(including device programming or simulation files), and any 
associated documentation or information are expressly subject 
to the terms and conditions of the Altera Program License 
Subscription Agreement, Altera MegaCore Function License 
Agreement, or other applicable license agreement, including, 
without limitation, that your use is for the sole purpose of 
programming logic devices manufactured by Altera and sold by 
Altera or its authorized distributors.  Please refer to the 
applicable agreement for further details.



+--------------------------------------------------------------------------------------+
; Flow Summary                                                                         ;
+------------------------------------+-------------------------------------------------+
; Flow Status                        ; Successful - Thu Jul 28 23:01:21 2016           ;
; Quartus II 64-Bit Version          ; 13.0.1 Build 232 06/12/2013 SP 1 SJ Web Edition ;
; Revision Name                      ; InterpretadorScancode                           ;
; Top-level Entity Name              ; InterpretadorScancode                           ;
; Family                             ; Cyclone II                                      ;
; Device                             ; EP2C5T144C6                                     ;
; Timing Models                      ; Final                                           ;
; Total logic elements               ; 62 / 4,608 ( 1 % )                              ;
;     Total combinational functions  ; 62 / 4,608 ( 1 % )                              ;
;     Dedicated logic registers      ; 0 / 4,608 ( 0 % )                               ;
; Total registers                    ; 0                                               ;
; Total pins                         ; 15 / 89 ( 17 % )                                ;
; Total virtual pins                 ; 0                                               ;
; Total memory bits                  ; 0 / 119,808 ( 0 % )                             ;
; Embedded Multiplier 9-bit elements ; 0 / 26 ( 0 % )                                  ;
; Total PLLs                         ; 0 / 2 ( 0 % )                                   ;
+------------------------------------+-------------------------------------------------+


+-------------------------------------------+
; Flow Settings                             ;
+-------------------+-----------------------+
; Option            ; Setting               ;
+-------------------+-----------------------+
; Start date & time ; 07/28/2016 23:01:13   ;
; Main task         ; Compilation           ;
; Revision Name     ; InterpretadorScancode ;
+-------------------+-----------------------+


+---------------------------------------------------------------------------------------------------------------------------------------------------------------------------------------------+
; Flow Non-Default Global Settings                                                                                                                                                            ;
+-------------------------------------+--------------------------------------------------------------------------------------------------------+---------------+-------------+----------------+
; Assignment Name                     ; Value                                                                                                  ; Default Value ; Entity Name ; Section Id     ;
+-------------------------------------+--------------------------------------------------------------------------------------------------------+---------------+-------------+----------------+
; COMPILER_SIGNATURE_ID               ; 134660109631488.146975767314276                                                                        ; --            ; --          ; --             ;
; MAX_CORE_JUNCTION_TEMP              ; 85                                                                                                     ; --            ; --          ; --             ;
; MIN_CORE_JUNCTION_TEMP              ; 0                                                                                                      ; --            ; --          ; --             ;
; MISC_FILE                           ; C:/Users/Loki/Dropbox/UEFS/2016.1/MI - Circuitos Digitais/PROJETO IBM AT PS2/InterpretadorScancode.dpf ; --            ; --          ; --             ;
; PARTITION_COLOR                     ; 16764057                                                                                               ; --            ; --          ; Top            ;
; PARTITION_FITTER_PRESERVATION_LEVEL ; PLACEMENT_AND_ROUTING                                                                                  ; --            ; --          ; Top            ;
; PARTITION_NETLIST_TYPE              ; SOURCE                                                                                                 ; --            ; --          ; Top            ;
; SEARCH_PATH                         ; c:\users\loki\dropbox\uefs\2016.1\mi - circuitos digitais\projeto ibm at ps2                           ; --            ; --          ; --             ;
; USE_GENERATED_PHYSICAL_CONSTRAINTS  ; Off                                                                                                    ; --            ; --          ; eda_blast_fpga ;
+-------------------------------------+--------------------------------------------------------------------------------------------------------+---------------+-------------+----------------+


+-------------------------------------------------------------------------------------------------------------------------------+
; Flow Elapsed Time                                                                                                             ;
+---------------------------+--------------+-------------------------+---------------------+------------------------------------+
; Module Name               ; Elapsed Time ; Average Processors Used ; Peak Virtual Memory ; Total CPU Time (on all processors) ;
+---------------------------+--------------+-------------------------+---------------------+------------------------------------+
; Analysis & Synthesis      ; 00:00:02     ; 1.0                     ; 477 MB              ; 00:00:02                           ;
; Fitter                    ; 00:00:03     ; 1.5                     ; 849 MB              ; 00:00:03                           ;
; Assembler                 ; 00:00:01     ; 1.0                     ; 441 MB              ; 00:00:01                           ;
; TimeQuest Timing Analyzer ; 00:00:01     ; 1.0                     ; 448 MB              ; 00:00:01                           ;
; Total                     ; 00:00:07     ; --                      ; --                  ; 00:00:07                           ;
+---------------------------+--------------+-------------------------+---------------------+------------------------------------+


+----------------------------------------------------------------------------------------+
; Flow OS Summary                                                                        ;
+---------------------------+------------------+-----------+------------+----------------+
; Module Name               ; Machine Hostname ; OS Name   ; OS Version ; Processor type ;
+---------------------------+------------------+-----------+------------+----------------+
; Analysis & Synthesis      ; ALYSON-DELL      ; Windows 7 ; 6.2        ; x86_64         ;
; Fitter                    ; ALYSON-DELL      ; Windows 7 ; 6.2        ; x86_64         ;
; Assembler                 ; ALYSON-DELL      ; Windows 7 ; 6.2        ; x86_64         ;
; TimeQuest Timing Analyzer ; ALYSON-DELL      ; Windows 7 ; 6.2        ; x86_64         ;
+---------------------------+------------------+-----------+------------+----------------+


------------
; Flow Log ;
------------
quartus_map --read_settings_files=on --write_settings_files=off InterpretadorScancode -c InterpretadorScancode
quartus_fit --read_settings_files=off --write_settings_files=off InterpretadorScancode -c InterpretadorScancode
quartus_asm --read_settings_files=off --write_settings_files=off InterpretadorScancode -c InterpretadorScancode
quartus_sta InterpretadorScancode -c InterpretadorScancode



